<?xml version="1.0" encoding="utf-8"?><testsuites name="pytest tests"><testsuite name="pytest" errors="0" failures="0" skipped="0" tests="7" time="2.570" timestamp="2026-09-17T19:46:14.083575+00:00" hostname="agent-env-9a98c367-7fc1-43c8-a01d-e9c663015b82"><testcase classname="tests.test_access_requests" name="test_health_ok" time="0.393" /><testcase classname="tests.test_access_requests" name="test_access_request_success_and_persisted" time="0.185" /><testcase classname="tests.test_access_requests" name="test_access_request_duplicate_email_is_idempotent" time="0.438" /><testcase classname="tests.test_access_requests" name="test_access_request_rejects_false_consent" time="0.177" /><testcase classname="tests.test_access_requests" name="test_access_request_rejects_bad_email" time="0.226" /><testcase classname="tests.test_access_requests" name="test_access_request_rejects_invalid_company_size" time="0.177" /><testcase classname="tests.test_access_requests" name="test_access_request_rejects_whitespace_name" time="0.186" /></testsuite></testsuites>